Jun 03 15:16 : update: added /Iruka - Shinobi (Japanese Trap _ Rap Beat).mp3
Jun 03 15:16 : update: added /BLACK SABBATH - Paranoid.mp3
Jun 03 15:16 : update: added /Ram Jam - Black Betty.mp3
Jun 03 15:16 : update: added /We Are Number One (MadRats Dubstep Remix).mp3
Jun 03 15:16 : update: added /Lunatic Peels Invisible Full Net (No BGM).mp3
Jun 03 15:16 : update: added /Different Heaven feat. ReesaLunn - Pentakill.mp3
Jun 03 15:16 : update: added /y2mate.is - Ozuna Ft. Arcangel y J Balvin - Ahora Dice (letra)-WWn_HUuznDo-160k-1617078549292.mp3
Jun 03 15:16 : update: added /I DONT KNOW HOW BUT THEY FOUND ME - Do It All The Time.mp3
Jun 03 15:16 : update: added /Wolfmother - Joker and the Thief.mp3
Jun 03 15:16 : update: added /Royalpony- Luka Luka Night Fever (Hardstyle Remix).mp3
Jun 03 15:16 : update: added /BIG DATA - Dangerous [Oliver RemiX].mp3
Jun 03 15:16 : update: added /Pegboard Nerds - Here It Comes.mp3
Jun 03 15:16 : update: added /CRX - On Edge.mp3
Jun 03 15:16 : update: added /Unlike Pluto - Oh Raven (Sing Me A Happy Song).mp3
Jun 03 15:16 : update: added /Disturbed - The Sound Of Silence [Official Music Video].mp3
Jun 03 15:16 : update: added /The Cranberries - Zombie.mp3
Jun 03 15:16 : update: added /I DONT KNOW HOW BUT THEY FOUND ME - Sugar Pills.mp3
Jun 03 15:16 : update: added /Race to Mars.mp3
Jun 03 15:16 : update: added /Gorillaz - Aries ft. Peter Hook & Georgia (Official Lyric Video).mp3
Jun 03 15:16 : update: added /Sister Cities.mp3
Jun 03 15:16 : update: added /Young Robot.mp3
Jun 03 15:16 : update: added /Elley Duhé - Middle of the Night.mp3
Jun 03 15:16 : update: added /Led Zeppelin - HeartBreaker Living Loving Maid.mp3
Jun 03 15:16 : update: added /CRX - Walls.mp3
Jun 03 15:16 : update: added /ミカヅキBIGWAVE - Emotional Prism 感情的なプリズム.mp3
Jun 03 15:16 : update: added /258- Bad bunny (lyricsletters) full HD.mp3
Jun 03 15:16 : update: added /Holiday _ Boulevard of Broken Dreams.mp3
Jun 03 15:16 : update: added /Jack - Kitchen Fork.mp3
Jun 03 15:16 : update: added /I DONT KNOW HOW BUT THEY FOUND ME - MAD IQs.mp3
Jun 03 15:16 : update: added /Starset - Satellite.mp3
Jun 03 15:16 : update: added /Astronomia (Coffin Dance synthwaveretro 80s remix).mp3
Jun 03 15:16 : update: added /Green Day - Troubled Times.mp3
Jun 03 15:16 : update: added /Detective Rauw Alejandro.mp3
Jun 03 15:16 : update: added /Panda Eyes - NOT A LOVE SONG.mp3
Jun 03 15:16 : update: added / My Chemical Romance.mp3
Jun 03 15:16 : update: added /Clusterhug.mp3
Jun 03 15:16 : update: added /Mariya Takeuchi Plastic Love 竹内 まりや.mp3
Jun 03 15:16 : update: added /The Offspring - All I Want.mp3
Jun 03 15:16 : update: added /Water Fountain.mp3
Jun 03 15:16 : update: added /Green Day - Wake Me Up When September Ends.mp3
Jun 03 15:16 : update: added /Foo Fighters - The Pretender.mp3
Jun 03 15:16 : update: added /El Gigante de Hierro- grupo sonador.mp3
Jun 03 15:16 : update: added /The Offspring - Army of One.mp3
Jun 03 15:16 : update: added /Chris Christodoulou - con lentitud poderosa Risk of Rain 2 (2020).mp3
Jun 03 15:16 : update: added /The Offspring - You're Gonna Go Far, Kid.mp3
Jun 03 15:16 : update: added /Gotye - Somebody That I Used To Know (feat. Kimbra).mp3
Jun 03 15:16 : update: added /夢の続き Yume No Tsuzuki (Original) - Mariya Takeuchi.mp3
Jun 03 15:16 : update: added /Babymetal - Megitsune (Alexander S. Remix).mp3
Jun 03 15:16 : update: added /The Dreadnoughts - Sleep Is for the Weak.mp3
Jun 03 15:16 : update: added /Face Down - Red Jumpsuit Apparatus.mp3
Jun 03 15:16 : update: added /Green Day - 21 guns.mp3
Jun 03 15:16 : update: added /Addict.mp3
Jun 03 15:16 : update: added /The Offspring - Let The Bad Times Roll.mp3
Jun 03 15:16 : update: added /We have been stationed on the Moon since 1988, There's a reason it is kept a secret Creepypast.mp3
Jun 03 15:16 : update: added /THIRTY SECONDS FROM MARS -  A Beautiful Lie.mp3
Jun 03 15:16 : update: added /McCafferty - Scotland.mp3
Jun 03 15:16 : update: added /CRX - Give It Up.mp3
Jun 03 15:16 : update: added /Gorillaz - Rhinestone Eyes .mp3
Jun 03 15:16 : update: added /The Offspring - Hit That.mp3
Jun 03 15:16 : update: added /THE SCOTTS, Travis Scott, Kid Cudi - THE SCOTTS.mp3
Jun 03 15:16 : update: added /Kingslayer.mp3
Jun 03 15:16 : update: added /DVBBS & Borgeous - TSUNAMI (Original Mix).mp3
Jun 03 15:16 : update: added /God's Warrior - Revival (Official Audio).mp3
Jun 03 15:16 : update: added /I DONT KNOW HOW BUT THEY FOUND ME - Leave Me Alone.mp3
Jun 03 15:16 : update: added /CRX - Broken Bones.mp3
Jun 03 15:16 : update: added /Hot Mulligan - Equip Sunglasses.mp3
Jun 03 15:16 : update: added /I DONT KNOW HOW BUT THEY FOUND ME - Social Climb.mp3
Jun 03 15:16 : update: added /Set it Off - Wolf in Sheep's Clothing (feat. William Beckett).mp3
Jun 03 15:16 : update: added /The Offspring - The Kids Aren't Alright.mp3
Jun 03 15:16 : update: added /Mike Posner - I Took A Pill In Ibiza (SeeB Remix).mp3
Jun 03 15:16 : update: added Horror/A Cold Offering Creepypasta Horror Story.mp3
Jun 03 15:16 : update: added Horror/The Burned Photo [Part 3] Creepypasta Storytime.mp3
Jun 03 15:16 : update: added Horror/NASA lost contact with the G.S.S.S, We shouldn't have reestablished contact Creepypasta Nosl.mp3
Jun 03 15:16 : update: added Horror/My daughter is scared of the monster in her closet. She should be Creepypasta.mp3
Jun 03 15:16 : update: added Horror/True Disney Ghost Stories, Encounters, Legends, and Photos.mp3
Jun 03 15:16 : update: added Horror/On the first of every month, a road appears by my house Creepypasta Scary Stories from Nosle.mp3
Jun 03 15:16 : update: added Horror/Pokemon Death Snap Creepypasta.mp3
Jun 03 15:16 : update: added Horror/My Father Built Robots in the 80s Creepypasta Storytime.mp3
Jun 03 15:16 : update: added Horror/Watch This If You Want To Get Home Tonight Creepypasta Horror Story.mp3
Jun 03 15:16 : update: added Horror/Strange Findings from The Archives Creepypasta Horror Story.mp3
Jun 03 15:16 : update: added Horror/Be Careful Hiring Hitmen on the Dark Web Creepypasta Scary Stories from reddit Nosleep.mp3
Jun 03 15:16 : update: added Horror/The Deepest Part of the Earth is not Empty CreepypastaScary Stories from Reddit Nosleep.mp3
Jun 03 15:16 : update: added Horror/Pokémon Black Creepypasta Storytime.mp3
Jun 03 15:16 : update: added Horror/I was a British intelligence officer during the 1970s, We unleashed something terrible Creepyp.mp3
Jun 03 15:16 : update: added Horror/Why did the garbagemen start coming in the dead of night Creepypasta Scary Stories from Nos.mp3
Jun 03 15:16 : update: added Horror/My Experience with SoloMart Creepypasta.mp3
Jun 03 15:16 : update: added Horror/What do I do about a disappearing room Creepypasta.mp3
Jun 03 15:16 : update: added Horror/I Went to a Flat Earth Convention Creepypasta.mp3
Jun 03 15:16 : update: added Horror/They paid me $5000 to go through hell Creepypasta.mp3
Jun 03 15:16 : update: added Horror/Mary Jane's Pumpkin Patch Creepypasta Horror Story.mp3
Jun 03 15:16 : update: added Horror/Why I retired from Pest Control Creepypasta.mp3
Jun 03 15:16 : update: added Horror/All Eighteen lives of Omen, The Cat Creepypasta Scary Stories from Reddit Nosleep.mp3
Jun 03 15:16 : update: added Horror/Pokemon Fuchsia by Christopher Maxim CreepyPasta Storytime.mp3
Jun 03 15:16 : update: added Horror/Disney's Catacombs Creepypasta Storytime.mp3
Jun 03 15:16 : update: added Horror/I Found This Photo from My Childhood, I Noticed Something Horrifying In the Background Creepyp.mp3
Jun 03 15:16 : update: added Horror/Pokemon Green CreepyPasta Storytime.mp3
Jun 03 15:16 : update: added Horror/The Deepest Part of the Ocean is Not Empty Creepypasta Scary Stories from Reddit Nosleep.mp3
Jun 03 15:16 : update: added Horror/My Dad Left Me His Tape Collection Creepypasta Horror Story.mp3
Jun 03 15:16 : update: added Horror/My Sleep Paralysis Demon is Actually A Pretty Chill Guy Creepypasta Scary Stories from nosle.mp3
Jun 03 15:16 : update: added Horror/The Neverglades Mysteries In the Beginning... Creepypasta Storytime.mp3
Jun 03 15:16 : update: added Horror/I volunteer on a crisis hotline. This is the caller that made me quit Creepypasta.mp3
Jun 03 15:16 : update: added Horror/I volunteer on a crisis hotline. This is the caller that made me quit Creepypasta(1).mp3
Jun 03 15:16 : update: added Horror/WORKING AT DISNEY Creepypasta Storytime.mp3
Jun 03 15:16 : update: added /New World Sound & Thomas Newson - Flute (Original Mix).mp3
Jun 03 15:16 : update: added /MAX - Wrong (feat. Lil Uzi Vert).mp3
Jun 03 15:16 : update: added /yt1s.com - I Know Why the US is Creating the Space Force Scary Stories Creepypasta.mp3
Jun 03 15:16 : update: added /SickDub! - K G U A I.mp3
Jun 03 15:16 : update: added /Younger Hunger - Dead Inside.mp3
Jun 03 15:16 : update: added /updog - dying breath.mp3
Jun 03 15:16 : update: added /Undertale - MEGALOVANIA (Akosmo Remix).mp3
Jun 03 15:16 : update: added /Bebe Rexha - I Got Time.mp3
Jun 03 15:16 : update: added /El último Tour del Mundo [Álbum Completo] Bad Bunny.mp3
Jun 03 15:16 : update: added /Ark Patrol - Let Go (ft. Veronika Redd) [Heroic].mp3
Jun 03 15:16 : update: added /Interpol - Obstacle 1.mp3
Jun 03 15:16 : update: added /MINECRAFT Theme (Holder Chill Trap Remix).mp3
Jun 03 15:16 : update: added Lo-fi/First Snow.mp3
Jun 03 15:16 : update: added Lo-fi/dryhope - White Oak [full EP].mp3
Jun 03 15:16 : update: added Lo-fi/Gravy Beats - Zen.mp3
Jun 03 15:16 : update: added Lo-fi/Ian Ewing - Always Home [Full EP].mp3
Jun 03 15:16 : update: added Lo-fi/Sleepy Fish - My Room Becomes the Sea.mp3
Jun 03 15:16 : update: added /boon - Don't Worry.mp3
Jun 03 15:16 : update: added /Nirvana - Smells Like Teen Spirit.mp3
Jun 03 15:16 : update: added /Dale (Buskilaz Remix).mp3
Jun 03 15:16 : update: added /Una Vez - Bad Bunny x Mora YHLQMDLG.mp3
Jun 03 15:16 : update: added /Green Day - Homecoming.mp3
Jun 03 15:16 : update: added /Ozuna - El Farsante.mp3
Jun 03 15:16 : update: added /CRX - One Track Mind.mp3
Jun 03 15:16 : update: added /In Our Wake (Acoustic).mp3
Jun 03 15:16 : update: added /The Offspring - The Opioid Diaries.mp3
Jun 03 15:16 : update: added / Slim Pickens Does The Right Thing And Rides The Bomb To Hell.mp3
Jun 03 15:16 : update: added /Gorillaz - Feel Good Inc.mp3
Jun 03 15:16 : update: added /DatPhoria ft. EH!DE - Clearance.mp3
Jun 03 15:16 : update: added /The Offspring - This Is Not Utopia.mp3
Jun 03 15:16 : update: added /Hallelujah (shrek song) Best version!.mp3
Jun 03 15:16 : update: added /Gorillaz - PAC-MAN ft. ScHoolboy Q.mp3
Jun 03 15:16 : update: added /The Offspring The Noose.mp3
Jun 03 15:16 : update: added /Bad Omens - The worst in me.mp3
Jun 03 15:16 : update: added /Beachboy.mp3
Jun 03 15:16 : update: added /Shinedown - MONSTERS.mp3
Jun 03 15:16 : update: added /La Barca.mp3
Jun 03 15:16 : update: added /Gwyn, Lord of Cinder - Dark Souls Soundtrack.mp3
Jun 03 15:16 : update: added /CRX - Slow Down.mp3
Jun 03 15:16 : update: added /The Offspring - Hammerhead.mp3
Jun 03 15:16 : update: added /Nicky Romero - Toulouse.mp3
Jun 03 15:16 : update: added /boon - Most High.mp3
Jun 03 15:16 : update: added /Levianth & Barren Gates - Control (feat. Natassa Tsonis).mp3
Jun 03 15:16 : update: added /Des Rocs - Used to the Darkness.mp3
Jun 03 15:16 : update: added /Egypt Central - White Rabbit.mp3
Jun 03 15:16 : update: added /Dreweybear - Lost & Found (feat. Meggie York).mp3
Jun 03 15:16 : update: added /Green Day - Youngblood.mp3
Jun 03 15:16 : update: added /Led Zeppelin - Stairway To Heaven.mp3
Jun 03 15:16 : update: added /Billie Eilish - bury a friend (Lyrics).mp3
Jun 03 15:16 : update: added /Green Day - Too Dumb to Die.mp3
Jun 03 15:16 : update: added /Bring Me The Horizon - Throne.mp3
Jun 03 15:16 : update: added /Dirt Monkey - Lift Off.mp3
Jun 03 15:16 : update: added /Kaphy x NEVR KNØW x BLVKES - Snake.mp3
Jun 03 15:16 : update: added /The Brig - Stand Up.mp3
Jun 03 15:16 : update: added /Red Sun Rising - Deathwish.mp3
Jun 03 15:16 : update: added /NEONI - OUTLAW (Lyrics).mp3
Jun 03 15:16 : update: added /Karl Wine - Bam Digi Bam.mp3
Jun 03 15:16 : update: added /The Offspring - We Never Have Sex Anymore.mp3
Jun 03 15:16 : update: added /Daya - Words.mp3
Jun 03 15:16 : update: added /Dance Gavin Dance - Chucky vs. The Giant Tortoise.mp3
Jun 03 15:16 : update: added /Undertale - ASGORE (Akosmo Remix).mp3
Jun 03 15:16 : update: added /Gorillaz - Strange Timez ft. Robert Smith (Official Lyric Video).mp3
Jun 03 15:16 : update: added /Taylor Swift - I Knew You Were Trouble.mp3
Jun 03 15:16 : update: added /The Offspring - Gone Away.mp3
Jun 03 15:16 : update: added /God's Warrior - Ultimate (Official Audio).mp3
Jun 03 15:16 : update: added /Everen Maxwell - Accelerate.mp3
Jun 03 15:16 : update: added /Unlike Pluto - Villain Of My Own Story.mp3
Jun 03 15:16 : update: added /Tribe Society - Outlaws.mp3
Jun 03 15:16 : update: added /The Offspring - The Meaning Of Life.mp3
Jun 03 15:16 : update: added /Bring Me The Horizon - Dear Diary.mp3
Jun 03 15:16 : update: added /David Guetta & Showtek - Bad ft.Vassy (Lyrics Video).mp3
Jun 03 15:16 : exception: Failed to open /home/frenzy/.config/mpd/Playlists: No such file or directory
Jun 03 15:16 : exception: Failed to open "Pulse Music" (pulse); failed to connect: Connection refused
Jun 03 15:16 : exception: Failed to open /home/frenzy/.config/mpd/Playlists: No such file or directory
Jun 03 15:16 : exception: Failed to open "Pulse Music" (pulse); failed to connect: Connection refused
Jun 03 15:16 : exception: Failed to open "Pulse Music" (pulse); failed to connect: Connection refused
Jun 03 15:35 : exception: Failed to open "Pulse Music" (pulse); failed to connect: Connection refused
Jun 03 15:40 : exception: Failed to open "Pulse Music" (pulse); failed to connect: Connection refused
Jun 03 15:43 : exception: Failed to open /home/frenzy/.config/mpd/Playlists: No such file or directory
Jun 03 15:46 : exception: Failed to open "Pulse Music" (pulse); failed to connect: Connection refused
Jun 03 15:49 : exception: Failed to open /home/frenzy/.config/mpd/Playlists: No such file or directory
Jun 03 15:49 : exception: Failed to open "Pulse Music" (pulse); failed to connect: Connection refused
Jun 03 15:49 : exception: Failed to open "Pulse Music" (pulse); failed to connect: Connection refused
Jun 03 15:49 : exception: Failed to open "Pulse Music" (pulse); failed to connect: Connection refused
Jun 03 15:49 : exception: Failed to open "Pulse Music" (pulse); failed to connect: Connection refused
Jun 03 19:10 : exception: Failed to open "Pulse Music" (pulse); failed to connect: Connection refused
Jun 03 19:10 : exception: Failed to open "Pulse Music" (pulse); failed to connect: Connection refused
Jun 03 19:10 : exception: Failed to open "Pulse Music" (pulse); failed to connect: Connection refused
Jun 03 19:10 : exception: Failed to open "Pulse Music" (pulse); failed to connect: Connection refused
Jun 03 19:10 : exception: Failed to open "Pulse Music" (pulse); failed to connect: Connection refused
Jun 03 19:10 : exception: Failed to open "Pulse Music" (pulse); failed to connect: Connection refused
Jun 03 19:10 : exception: Failed to open "Pulse Music" (pulse); failed to connect: Connection refused
Jun 03 19:10 : exception: Failed to open "Pulse Music" (pulse); failed to connect: Connection refused
Jun 03 19:10 : exception: Failed to open "Pulse Music" (pulse); failed to connect: Connection refused
Jun 03 19:10 : exception: Failed to open "Pulse Music" (pulse); failed to connect: Connection refused
Jun 03 19:10 : exception: Failed to open "Pulse Music" (pulse); failed to connect: Connection refused
Jun 03 19:10 : exception: Failed to open "Pulse Music" (pulse); failed to connect: Connection refused
Jun 03 19:11 : exception: Failed to open "Pulse Music" (pulse); failed to connect: Connection refused
Jun 03 19:11 : exception: Failed to open "Pulse Music" (pulse); failed to connect: Connection refused
Jun 03 19:11 : exception: Failed to open "Pulse Music" (pulse); failed to connect: Connection refused
Jun 03 19:12 : exception: Failed to open "Pulse Music" (pulse); failed to connect: Connection refused
Jun 03 19:16 : player: played "y2mate.is - Ozuna Ft. Arcangel y J Balvin - Ahora Dice (letra)-WWn_HUuznDo-160k-1617078549292.mp3"
